<?xml version="1.0" encoding="UTF-8"?>
<testsuite xmlns:xsi="http://www.w3.org/2001/XMLSchema-instance" xsi:noNamespaceSchemaLocation="https://maven.apache.org/surefire/maven-surefire-plugin/xsd/surefire-test-report.xsd" version="3.0.1" name="maven_java.AJ.AppTest" time="0.07" tests="1" errors="0" skipped="0" failures="0">
  <properties>
    <property name="java.specification.version" value="17"/>
    <property name="sun.cpu.isalist" value="amd64"/>
    <property name="sun.jnu.encoding" value="Cp1252"/>
    <property name="java.class.path" value="C:\Users\Dusa Sreeja\eclipse-workspace\AJ\target\test-classes;C:\Users\Dusa Sreeja\eclipse-workspace\AJ\target\classes;C:\Users\Dusa Sreeja\.m2\repository\org\junit\jupiter\junit-jupiter-api\5.11.0\junit-jupiter-api-5.11.0.jar;C:\Users\Dusa Sreeja\.m2\repository\org\opentest4j\opentest4j\1.3.0\opentest4j-1.3.0.jar;C:\Users\Dusa Sreeja\.m2\repository\org\junit\platform\junit-platform-commons\1.11.0\junit-platform-commons-1.11.0.jar;C:\Users\Dusa Sreeja\.m2\repository\org\apiguardian\apiguardian-api\1.1.2\apiguardian-api-1.1.2.jar;C:\Users\Dusa Sreeja\.m2\repository\org\junit\jupiter\junit-jupiter-params\5.11.0\junit-jupiter-params-5.11.0.jar;"/>
    <property name="java.vm.vendor" value="Eclipse Adoptium"/>
    <property name="sun.arch.data.model" value="64"/>
    <property name="user.variant" value=""/>
    <property name="java.vendor.url" value="https://adoptium.net/"/>
    <property name="user.timezone" value="Asia/Calcutta"/>
    <property name="os.name" value="Windows 11"/>
    <property name="java.vm.specification.version" value="17"/>
    <property name="sun.java.launcher" value="SUN_STANDARD"/>
    <property name="user.country" value="IN"/>
    <property name="sun.boot.library.path" value="C:\Users\Dusa Sreeja\AppData\Local\Programs\Eclipse Adoptium\jdk-17.0.10.7-hotspot\bin"/>
    <property name="sun.java.command" value="C:\Users\Dusa Sreeja\AppData\Local\Temp\surefire5493058223597574156\surefirebooter-20241113144324053_3.jar C:\Users\Dusa Sreeja\AppData\Local\Temp\surefire5493058223597574156 2024-11-13T14-43-23_864-jvmRun1 surefire-20241113144324053_1tmp surefire_0-20241113144324053_2tmp"/>
    <property name="jdk.debug" value="release"/>
    <property name="surefire.test.class.path" value="C:\Users\Dusa Sreeja\eclipse-workspace\AJ\target\test-classes;C:\Users\Dusa Sreeja\eclipse-workspace\AJ\target\classes;C:\Users\Dusa Sreeja\.m2\repository\org\junit\jupiter\junit-jupiter-api\5.11.0\junit-jupiter-api-5.11.0.jar;C:\Users\Dusa Sreeja\.m2\repository\org\opentest4j\opentest4j\1.3.0\opentest4j-1.3.0.jar;C:\Users\Dusa Sreeja\.m2\repository\org\junit\platform\junit-platform-commons\1.11.0\junit-platform-commons-1.11.0.jar;C:\Users\Dusa Sreeja\.m2\repository\org\apiguardian\apiguardian-api\1.1.2\apiguardian-api-1.1.2.jar;C:\Users\Dusa Sreeja\.m2\repository\org\junit\jupiter\junit-jupiter-params\5.11.0\junit-jupiter-params-5.11.0.jar;"/>
    <property name="sun.cpu.endian" value="little"/>
    <property name="user.home" value="C:\Users\Dusa Sreeja"/>
    <property name="user.language" value="en"/>
    <property name="java.specification.vendor" value="Oracle Corporation"/>
    <property name="java.version.date" value="2024-01-16"/>
    <property name="java.home" value="C:\Users\Dusa Sreeja\AppData\Local\Programs\Eclipse Adoptium\jdk-17.0.10.7-hotspot"/>
    <property name="file.separator" value="\"/>
    <property name="style.color" value="always"/>
    <property name="basedir" value="C:\Users\Dusa Sreeja\eclipse-workspace\AJ"/>
    <property name="java.vm.compressedOopsMode" value="Zero based"/>
    <property name="line.separator" value="&#10;"/>
    <property name="java.vm.specification.vendor" value="Oracle Corporation"/>
    <property name="java.specification.name" value="Java Platform API Specification"/>
    <property name="surefire.real.class.path" value="C:\Users\Dusa Sreeja\AppData\Local\Temp\surefire5493058223597574156\surefirebooter-20241113144324053_3.jar"/>
    <property name="user.script" value=""/>
    <property name="sun.management.compiler" value="HotSpot 64-Bit Tiered Compilers"/>
    <property name="java.runtime.version" value="17.0.10+7"/>
    <property name="user.name" value="Dusa Sreeja"/>
    <property name="path.separator" value=";"/>
    <property name="os.version" value="10.0"/>
    <property name="java.runtime.name" value="OpenJDK Runtime Environment"/>
    <property name="file.encoding" value="Cp1252"/>
    <property name="java.vm.name" value="OpenJDK 64-Bit Server VM"/>
    <property name="java.vendor.version" value="Temurin-17.0.10+7"/>
    <property name="localRepository" value="C:\Users\Dusa Sreeja\.m2\repository"/>
    <property name="java.vendor.url.bug" value="https://github.com/adoptium/adoptium-support/issues"/>
    <property name="java.io.tmpdir" value="C:\Users\DUSASR~1\AppData\Local\Temp\"/>
    <property name="java.version" value="17.0.10"/>
    <property name="user.dir" value="C:\Users\Dusa Sreeja\eclipse-workspace\AJ"/>
    <property name="os.arch" value="amd64"/>
    <property name="java.vm.specification.name" value="Java Virtual Machine Specification"/>
    <property name="sun.os.patch.level" value=""/>
    <property name="native.encoding" value="Cp1252"/>
    <property name="java.library.path" value="C:\Users\Dusa Sreeja\AppData\Local\Programs\Eclipse Adoptium\jdk-17.0.10.7-hotspot\bin;C:\WINDOWS\Sun\Java\bin;C:\WINDOWS\system32;C:\WINDOWS;C:/Users/Dusa Sreeja/.p2/pool/plugins/org.eclipse.justj.openjdk.hotspot.jre.full.win32.x86_64_23.0.1.v20241024-1700/jre/bin/server;C:/Users/Dusa Sreeja/.p2/pool/plugins/org.eclipse.justj.openjdk.hotspot.jre.full.win32.x86_64_23.0.1.v20241024-1700/jre/bin;C:\Program Files\OpenLogic\jdk-8.0.412.08-hotspot\bin;C:\Program Files\OpenLogic\jre-8.0.412.08-hotspot\bin;C:\Python312\Scripts\;C:\Python312\;C:\Program Files\Python311\Scripts\;C:\Program Files\Python311\;C:\Windows\system32;C:\Windows;C:\Windows\System32\Wbem;C:\Windows\System32\WindowsPowerShell\v1.0\;C:\Windows\System32\OpenSSH\;C:\Program Files (x86)\NVIDIA Corporation\PhysX\Common;C:\Program Files\NVIDIA Corporation\NVIDIA NvDLISR;C:\MinGW\bin;C:\WINDOWS\system32;C:\WINDOWS;C:\WINDOWS\System32\Wbem;C:\WINDOWS\System32\WindowsPowerShell\v1.0\;C:\WINDOWS\System32\OpenSSH\;C:\Program Files\nodejs\;C:\ProgramData\chocolatey\bin;C:\Program Files\MySQL\MySQL Server 8.0\bin;C:\Program Files\OpenLogic\jre-8.0.412.08-hotspot\lib\ext;C:\Program Files\Git\cmd;C:\Program Files\MySQL\MySQL Shell 8.0\bin\;C:\Users\Dusa Sreeja\AppData\Local\Programs\Eclipse Adoptium\jdk-17.0.10.7-hotspot\bin;C:\Users\Dusa Sreeja\AppData\Local\Microsoft\WindowsApps;;C:\Users\Dusa Sreeja\AppData\Local\Programs\Microsoft VS Code\bin;C:\Users\Dusa Sreeja\AppData\Local\JetBrains\IntelliJ IDEA Community Edition 2022.2.3\bin;;C:\Users\Dusa Sreeja\AppData\Roaming\npm;C:\Users\Dusa Sreeja\OneDrive\Desktop;;."/>
    <property name="java.vm.info" value="mixed mode, sharing"/>
    <property name="java.vendor" value="Eclipse Adoptium"/>
    <property name="java.vm.version" value="17.0.10+7"/>
    <property name="sun.io.unicode.encoding" value="UnicodeLittle"/>
    <property name="java.class.version" value="61.0"/>
  </properties>
  <testcase name="shouldAnswerWithTrue" classname="maven_java.AJ.AppTest" time="0.034"/>
</testsuite>